GROUP,PACKAGE,CLASS,INSTRUCTION_MISSED,INSTRUCTION_COVERED,BRANCH_MISSED,BRANCH_COVERED,LINE_MISSED,LINE_COVERED,COMPLEXITY_MISSED,COMPLEXITY_COVERED,METHOD_MISSED,METHOD_COVERED
geektrust,com.example.overlappingportfolio.constants,Constants,3,0,0,0,1,0,1,0,1,0
geektrust,com.example.overlappingportfolio,Geektrust,3,42,1,1,1,14,2,2,1,2
geektrust,com.example.overlappingportfolio.service,PortfolioServiceImpl,0,144,5,13,0,31,5,8,0,4
geektrust,com.example.overlappingportfolio.model,Commands,0,108,2,8,0,29,2,10,0,7
geektrust,com.example.overlappingportfolio.model,Stocks,3,261,1,21,2,49,1,17,0,7
geektrust,com.example.overlappingportfolio.model,PortfolioModel,0,36,0,4,0,8,0,5,0,3
