<?xml version="1.0" encoding="UTF-8" ?>
<testsuite tests="14" failures="0" name="com.example.overlappingportfolio.AppTest" time="1.799" errors="0" skipped="0">
  <properties>
[...]
</properties>
  <testcase classname="com.example.overlappingportfolio.AppTest" name="compareCommonStocksTest" time="0.018"/>
  <testcase classname="com.example.overlappingportfolio.AppTest" name="getCurrentPortfolioTest" time="0"/>
  <testcase classname="com.example.overlappingportfolio.AppTest" name="getCommandsTest" time="0"/>
  <testcase classname="com.example.overlappingportfolio.AppTest" name="setDataTest" time="1.399"/>
  <testcase classname="com.example.overlappingportfolio.AppTest" name="calculatePortfolioTest" time="0.052"/>
  <testcase classname="com.example.overlappingportfolio.AppTest" name="setStocksTest" time="0.069"/>
  <testcase classname="com.example.overlappingportfolio.AppTest" name="setDataTest2" time="0.106"/>
  <testcase classname="com.example.overlappingportfolio.AppTest" name="setDataTest3" time="0.097"/>
  <testcase classname="com.example.overlappingportfolio.AppTest" name="setDataTest4" time="0.003"/>
  <testcase classname="com.example.overlappingportfolio.AppTest" name="setCommandCountTest" time="0"/>
  <testcase classname="com.example.overlappingportfolio.AppTest" name="setStocksTest1" time="0.011"/>
  <testcase classname="com.example.overlappingportfolio.AppTest" name="executeCommandTest" time="0"/>
  <testcase classname="com.example.overlappingportfolio.AppTest" name="calculatePortfolioTest2" time="0.03"/>
  <testcase classname="com.example.overlappingportfolio.AppTest" name="calculatePortfolioTest3" time="0.014"/>
</testsuite>